21:54:47 INFO  Starting PagoServiceApplication using Java 24.0.2 with PID 41308 (C:\Users\vvega\Downloads\koreanbeautyproyecto\koreanbeautyproyecto\koreanBeauty\pago-service\pago-service\target\classes started by vvega in C:\Users\vvega\Downloads\koreanbeautyproyecto\koreanbeautyproyecto\koreanBeauty\pago-service\pago-service)
21:54:47 INFO  No active profile set, falling back to 1 default profile: "default"
21:54:47 INFO  Bootstrapping Spring Data JPA repositories in DEFAULT mode.
21:54:48 INFO  Finished Spring Data repository scanning in 59 ms. Found 1 JPA repository interface.
21:54:48 INFO  Tomcat initialized with port 9095 (http)
21:54:48 INFO  Starting service [Tomcat]
21:54:48 INFO  Starting Servlet engine: [Apache Tomcat/11.0.21]
21:54:48 INFO  Root WebApplicationContext: initialization completed in 1608 ms
21:54:48 INFO  HikariPool-1 - Starting...
21:54:49 INFO  HikariPool-1 - Added connection com.mysql.cj.jdbc.ConnectionImpl@5809fa26
21:54:49 INFO  HikariPool-1 - Start completed.
21:54:51 INFO  Logging exception.
21:54:51 INFO  ERROR: Exception Details
21:54:51 INFO  ERROR: Exception Primary Class:  ChangeLogParseException
21:54:51 INFO  ERROR: Exception Primary Reason:  classpath:/db/changelog/db.changelog-master.yaml does not exist
21:54:51 INFO  ERROR: Exception Primary Source:  5.0.2
21:54:51 INFO  Command execution complete
21:54:51 WARN  Exception encountered during context initialization - cancelling refresh attempt: org.springframework.beans.factory.BeanCreationException: Error creating bean with name 'entityManagerFactory' defined in class path resource [org/springframework/boot/hibernate/autoconfigure/HibernateJpaConfiguration.class]: Failed to initialize dependency 'liquibase' of LoadTimeWeaverAware bean 'entityManagerFactory': Error creating bean with name 'liquibase' defined in class path resource [org/springframework/boot/liquibase/autoconfigure/LiquibaseAutoConfiguration$LiquibaseConfiguration.class]: liquibase.exception.CommandExecutionException: liquibase.exception.ChangeLogParseException: classpath:/db/changelog/db.changelog-master.yaml does not exist
21:54:51 INFO  HikariPool-1 - Shutdown initiated...
21:54:51 INFO  HikariPool-1 - Shutdown completed.
21:54:51 INFO  Stopping service [Tomcat]
21:54:51 INFO  

Error starting ApplicationContext. To display the condition evaluation report re-run your application with 'debug' enabled.
21:54:51 ERROR 

***************************
APPLICATION FAILED TO START
***************************

Description:

Liquibase failed to start because no changelog could be found at 'classpath:/db/changelog/db.changelog-master.yaml'.

Action:

Make sure a Liquibase changelog is present at the configured path.

21:59:01 INFO  Starting PagoServiceApplication using Java 24.0.2 with PID 42176 (C:\Users\vvega\Downloads\koreanbeautyproyecto\koreanbeautyproyecto\koreanBeauty\pago-service\pago-service\target\classes started by vvega in C:\Users\vvega\Downloads\koreanbeautyproyecto\koreanbeautyproyecto\koreanBeauty\pago-service\pago-service)
21:59:01 INFO  No active profile set, falling back to 1 default profile: "default"
21:59:02 INFO  Bootstrapping Spring Data JPA repositories in DEFAULT mode.
21:59:02 INFO  Finished Spring Data repository scanning in 38 ms. Found 1 JPA repository interface.
21:59:02 INFO  Tomcat initialized with port 9095 (http)
21:59:02 INFO  Starting service [Tomcat]
21:59:02 INFO  Starting Servlet engine: [Apache Tomcat/11.0.21]
21:59:02 INFO  Root WebApplicationContext: initialization completed in 1076 ms
21:59:03 INFO  HHH008540: Processing PersistenceUnitInfo [name: default]
21:59:03 INFO  HHH000001: Hibernate ORM core version 7.2.12.Final
21:59:03 INFO  No LoadTimeWeaver setup: ignoring JPA class transformer
21:59:03 INFO  HikariPool-1 - Starting...
21:59:03 INFO  HikariPool-1 - Added connection com.mysql.cj.jdbc.ConnectionImpl@29aa4bc9
21:59:03 INFO  HikariPool-1 - Start completed.
21:59:03 WARN  HHH000511: The 5.5.5 version for [org.hibernate.dialect.MySQLDialect] is no longer supported, hence certain features may not work properly.The minimum supported version is 8.0.0. Check the community dialects project for available legacy versions.
21:59:03 INFO  HHH10001005: Database info:
	Database JDBC URL [jdbc:mysql://localhost:3306/bd_compra?createDatabaseIfNotExist=true]
	Database driver: MySQL Connector/J
	Database dialect: MySQLDialect
	Database version: 5.5.5
	Default catalog/schema: bd_compra/undefined
	Autocommit mode: undefined/unknown
	Isolation level: REPEATABLE_READ [default REPEATABLE_READ]
	JDBC fetch size: none
	Pool: DataSourceConnectionProvider
	Minimum pool size: undefined/unknown
	Maximum pool size: undefined/unknown
21:59:04 INFO  HHH000489: No JTA platform available (set 'hibernate.transaction.jta.platform' to enable JTA platform integration)
21:59:04 INFO  Initialized JPA EntityManagerFactory for persistence unit 'default'
21:59:04 INFO  Hibernate is in classpath; If applicable, HQL parser will be used.
21:59:05 WARN  spring.jpa.open-in-view is enabled by default. Therefore, database queries may be performed during view rendering. Explicitly configure spring.jpa.open-in-view to disable this warning
21:59:05 WARN  

Using generated security password: 7a7af942-3810-474c-891d-3f3e38ecb845

This generated password is for development use only. Your security configuration must be updated before running your application in production.

21:59:05 INFO  Global AuthenticationManager configured with UserDetailsService bean with name inMemoryUserDetailsManager
21:59:05 INFO  Tomcat started on port 9095 (http) with context path '/'
21:59:05 INFO  Started PagoServiceApplication in 4.146 seconds (process running for 4.528)
